experiments/pipeline_v4/runs/v4_1_1/k200/.files.lst
experiments/pipeline_v4/runs/v4_1_1/k200/EXPLORE_MATRIX.csv
experiments/pipeline_v4/runs/v4_1_1/k200/generation/HEAD_00_B/head.json
experiments/pipeline_v4/runs/v4_1_1/k200/generation/HEAD_01_B/head.json
experiments/pipeline_v4/runs/v4_1_1/k200/generation/HEAD_02_B/head.json
experiments/pipeline_v4/runs/v4_1_1/k200/generation/HEAD_03_B/head.json
experiments/pipeline_v4/runs/v4_1_1/k200/generation/HEAD_04_B/head.json
experiments/pipeline_v4/runs/v4_1_1/k200/generation/HEAD_05_B/head.json
experiments/pipeline_v4/runs/v4_1_1/k200/generation/HEAD_06_B/head.json
experiments/pipeline_v4/runs/v4_1_1/k200/generation/HEAD_07_B/head.json
experiments/pipeline_v4/runs/v4_1_1/k200/generation/HEAD_08_B/head.json
experiments/pipeline_v4/runs/v4_1_1/k200/generation/HEAD_09_B/head.json
experiments/pipeline_v4/runs/v4_1_1/k200/generation/HEAD_10_B/head.json
experiments/pipeline_v4/runs/v4_1_1/k200/generation/HEAD_100_B/head.json
experiments/pipeline_v4/runs/v4_1_1/k200/generation/HEAD_101_B/head.json
experiments/pipeline_v4/runs/v4_1_1/k200/generation/HEAD_102_B/head.json
experiments/pipeline_v4/runs/v4_1_1/k200/generation/HEAD_103_B/head.json
experiments/pipeline_v4/runs/v4_1_1/k200/generation/HEAD_104_B/head.json
experiments/pipeline_v4/runs/v4_1_1/k200/generation/HEAD_105_B/head.json
experiments/pipeline_v4/runs/v4_1_1/k200/generation/HEAD_106_B/head.json
experiments/pipeline_v4/runs/v4_1_1/k200/generation/HEAD_107_B/head.json
experiments/pipeline_v4/runs/v4_1_1/k200/generation/HEAD_108_B/head.json
experiments/pipeline_v4/runs/v4_1_1/k200/generation/HEAD_109_B/head.json
experiments/pipeline_v4/runs/v4_1_1/k200/generation/HEAD_11_B/head.json
experiments/pipeline_v4/runs/v4_1_1/k200/generation/HEAD_110_B/head.json
experiments/pipeline_v4/runs/v4_1_1/k200/generation/HEAD_111_B/head.json
experiments/pipeline_v4/runs/v4_1_1/k200/generation/HEAD_112_B/head.json
experiments/pipeline_v4/runs/v4_1_1/k200/generation/HEAD_113_B/head.json
experiments/pipeline_v4/runs/v4_1_1/k200/generation/HEAD_114_B/head.json
experiments/pipeline_v4/runs/v4_1_1/k200/generation/HEAD_115_B/head.json
experiments/pipeline_v4/runs/v4_1_1/k200/generation/HEAD_116_B/head.json
experiments/pipeline_v4/runs/v4_1_1/k200/generation/HEAD_117_B/head.json
experiments/pipeline_v4/runs/v4_1_1/k200/generation/HEAD_118_B/head.json
experiments/pipeline_v4/runs/v4_1_1/k200/generation/HEAD_119_B/head.json
experiments/pipeline_v4/runs/v4_1_1/k200/generation/HEAD_12_B/head.json
experiments/pipeline_v4/runs/v4_1_1/k200/generation/HEAD_120_B/head.json
experiments/pipeline_v4/runs/v4_1_1/k200/generation/HEAD_121_B/head.json
experiments/pipeline_v4/runs/v4_1_1/k200/generation/HEAD_122_B/head.json
experiments/pipeline_v4/runs/v4_1_1/k200/generation/HEAD_123_B/head.json
experiments/pipeline_v4/runs/v4_1_1/k200/generation/HEAD_124_B/head.json
experiments/pipeline_v4/runs/v4_1_1/k200/generation/HEAD_125_B/head.json
experiments/pipeline_v4/runs/v4_1_1/k200/generation/HEAD_126_B/head.json
experiments/pipeline_v4/runs/v4_1_1/k200/generation/HEAD_127_B/head.json
experiments/pipeline_v4/runs/v4_1_1/k200/generation/HEAD_128_B/head.json
experiments/pipeline_v4/runs/v4_1_1/k200/generation/HEAD_129_B/head.json
experiments/pipeline_v4/runs/v4_1_1/k200/generation/HEAD_13_B/head.json
experiments/pipeline_v4/runs/v4_1_1/k200/generation/HEAD_130_B/head.json
experiments/pipeline_v4/runs/v4_1_1/k200/generation/HEAD_131_B/head.json
experiments/pipeline_v4/runs/v4_1_1/k200/generation/HEAD_132_B/head.json
experiments/pipeline_v4/runs/v4_1_1/k200/generation/HEAD_133_B/head.json
experiments/pipeline_v4/runs/v4_1_1/k200/generation/HEAD_134_B/head.json
experiments/pipeline_v4/runs/v4_1_1/k200/generation/HEAD_135_B/head.json
experiments/pipeline_v4/runs/v4_1_1/k200/generation/HEAD_136_B/head.json
experiments/pipeline_v4/runs/v4_1_1/k200/generation/HEAD_137_B/head.json
experiments/pipeline_v4/runs/v4_1_1/k200/generation/HEAD_138_B/head.json
experiments/pipeline_v4/runs/v4_1_1/k200/generation/HEAD_139_B/head.json
experiments/pipeline_v4/runs/v4_1_1/k200/generation/HEAD_14_B/head.json
experiments/pipeline_v4/runs/v4_1_1/k200/generation/HEAD_140_B/head.json
experiments/pipeline_v4/runs/v4_1_1/k200/generation/HEAD_141_B/head.json
experiments/pipeline_v4/runs/v4_1_1/k200/generation/HEAD_142_B/head.json
experiments/pipeline_v4/runs/v4_1_1/k200/generation/HEAD_143_B/head.json
experiments/pipeline_v4/runs/v4_1_1/k200/generation/HEAD_144_B/head.json
experiments/pipeline_v4/runs/v4_1_1/k200/generation/HEAD_145_B/head.json
experiments/pipeline_v4/runs/v4_1_1/k200/generation/HEAD_146_B/head.json
experiments/pipeline_v4/runs/v4_1_1/k200/generation/HEAD_147_B/head.json
experiments/pipeline_v4/runs/v4_1_1/k200/generation/HEAD_148_B/head.json
experiments/pipeline_v4/runs/v4_1_1/k200/generation/HEAD_149_B/head.json
experiments/pipeline_v4/runs/v4_1_1/k200/generation/HEAD_15_B/head.json
experiments/pipeline_v4/runs/v4_1_1/k200/generation/HEAD_150_B/head.json
experiments/pipeline_v4/runs/v4_1_1/k200/generation/HEAD_151_B/head.json
experiments/pipeline_v4/runs/v4_1_1/k200/generation/HEAD_152_B/head.json
experiments/pipeline_v4/runs/v4_1_1/k200/generation/HEAD_153_B/head.json
experiments/pipeline_v4/runs/v4_1_1/k200/generation/HEAD_154_B/head.json
experiments/pipeline_v4/runs/v4_1_1/k200/generation/HEAD_155_B/head.json
experiments/pipeline_v4/runs/v4_1_1/k200/generation/HEAD_156_B/head.json
experiments/pipeline_v4/runs/v4_1_1/k200/generation/HEAD_157_B/head.json
experiments/pipeline_v4/runs/v4_1_1/k200/generation/HEAD_158_B/head.json
experiments/pipeline_v4/runs/v4_1_1/k200/generation/HEAD_159_B/head.json
experiments/pipeline_v4/runs/v4_1_1/k200/generation/HEAD_16_B/head.json
experiments/pipeline_v4/runs/v4_1_1/k200/generation/HEAD_160_B/head.json
experiments/pipeline_v4/runs/v4_1_1/k200/generation/HEAD_161_B/head.json
experiments/pipeline_v4/runs/v4_1_1/k200/generation/HEAD_162_B/head.json
experiments/pipeline_v4/runs/v4_1_1/k200/generation/HEAD_163_B/head.json
experiments/pipeline_v4/runs/v4_1_1/k200/generation/HEAD_164_B/head.json
experiments/pipeline_v4/runs/v4_1_1/k200/generation/HEAD_165_B/head.json
experiments/pipeline_v4/runs/v4_1_1/k200/generation/HEAD_166_B/head.json
experiments/pipeline_v4/runs/v4_1_1/k200/generation/HEAD_167_B/head.json
experiments/pipeline_v4/runs/v4_1_1/k200/generation/HEAD_168_B/head.json
experiments/pipeline_v4/runs/v4_1_1/k200/generation/HEAD_169_B/head.json
experiments/pipeline_v4/runs/v4_1_1/k200/generation/HEAD_17_B/head.json
experiments/pipeline_v4/runs/v4_1_1/k200/generation/HEAD_170_B/head.json
experiments/pipeline_v4/runs/v4_1_1/k200/generation/HEAD_171_B/head.json
experiments/pipeline_v4/runs/v4_1_1/k200/generation/HEAD_172_B/head.json
experiments/pipeline_v4/runs/v4_1_1/k200/generation/HEAD_173_B/head.json
experiments/pipeline_v4/runs/v4_1_1/k200/generation/HEAD_174_B/head.json
experiments/pipeline_v4/runs/v4_1_1/k200/generation/HEAD_175_B/head.json
experiments/pipeline_v4/runs/v4_1_1/k200/generation/HEAD_176_B/head.json
experiments/pipeline_v4/runs/v4_1_1/k200/generation/HEAD_177_B/head.json
experiments/pipeline_v4/runs/v4_1_1/k200/generation/HEAD_178_B/head.json
experiments/pipeline_v4/runs/v4_1_1/k200/generation/HEAD_179_B/head.json
experiments/pipeline_v4/runs/v4_1_1/k200/generation/HEAD_18_B/head.json
experiments/pipeline_v4/runs/v4_1_1/k200/generation/HEAD_180_B/head.json
experiments/pipeline_v4/runs/v4_1_1/k200/generation/HEAD_181_B/head.json
experiments/pipeline_v4/runs/v4_1_1/k200/generation/HEAD_182_B/head.json
experiments/pipeline_v4/runs/v4_1_1/k200/generation/HEAD_183_B/head.json
experiments/pipeline_v4/runs/v4_1_1/k200/generation/HEAD_184_B/head.json
experiments/pipeline_v4/runs/v4_1_1/k200/generation/HEAD_185_B/head.json
experiments/pipeline_v4/runs/v4_1_1/k200/generation/HEAD_186_B/head.json
experiments/pipeline_v4/runs/v4_1_1/k200/generation/HEAD_187_B/head.json
experiments/pipeline_v4/runs/v4_1_1/k200/generation/HEAD_188_B/head.json
experiments/pipeline_v4/runs/v4_1_1/k200/generation/HEAD_189_B/head.json
experiments/pipeline_v4/runs/v4_1_1/k200/generation/HEAD_19_B/head.json
experiments/pipeline_v4/runs/v4_1_1/k200/generation/HEAD_190_B/head.json
experiments/pipeline_v4/runs/v4_1_1/k200/generation/HEAD_191_B/head.json
experiments/pipeline_v4/runs/v4_1_1/k200/generation/HEAD_192_B/head.json
experiments/pipeline_v4/runs/v4_1_1/k200/generation/HEAD_193_B/head.json
experiments/pipeline_v4/runs/v4_1_1/k200/generation/HEAD_194_B/head.json
experiments/pipeline_v4/runs/v4_1_1/k200/generation/HEAD_195_B/head.json
experiments/pipeline_v4/runs/v4_1_1/k200/generation/HEAD_196_B/head.json
experiments/pipeline_v4/runs/v4_1_1/k200/generation/HEAD_197_B/head.json
experiments/pipeline_v4/runs/v4_1_1/k200/generation/HEAD_198_B/head.json
experiments/pipeline_v4/runs/v4_1_1/k200/generation/HEAD_199_B/head.json
experiments/pipeline_v4/runs/v4_1_1/k200/generation/HEAD_20_B/head.json
experiments/pipeline_v4/runs/v4_1_1/k200/generation/HEAD_21_B/head.json
experiments/pipeline_v4/runs/v4_1_1/k200/generation/HEAD_22_B/head.json
experiments/pipeline_v4/runs/v4_1_1/k200/generation/HEAD_23_B/head.json
experiments/pipeline_v4/runs/v4_1_1/k200/generation/HEAD_24_B/head.json
experiments/pipeline_v4/runs/v4_1_1/k200/generation/HEAD_25_B/head.json
experiments/pipeline_v4/runs/v4_1_1/k200/generation/HEAD_26_B/head.json
experiments/pipeline_v4/runs/v4_1_1/k200/generation/HEAD_27_B/head.json
experiments/pipeline_v4/runs/v4_1_1/k200/generation/HEAD_28_B/head.json
experiments/pipeline_v4/runs/v4_1_1/k200/generation/HEAD_29_B/head.json
experiments/pipeline_v4/runs/v4_1_1/k200/generation/HEAD_30_B/head.json
experiments/pipeline_v4/runs/v4_1_1/k200/generation/HEAD_31_B/head.json
experiments/pipeline_v4/runs/v4_1_1/k200/generation/HEAD_32_B/head.json
experiments/pipeline_v4/runs/v4_1_1/k200/generation/HEAD_33_B/head.json
experiments/pipeline_v4/runs/v4_1_1/k200/generation/HEAD_34_B/head.json
experiments/pipeline_v4/runs/v4_1_1/k200/generation/HEAD_35_B/head.json
experiments/pipeline_v4/runs/v4_1_1/k200/generation/HEAD_36_B/head.json
experiments/pipeline_v4/runs/v4_1_1/k200/generation/HEAD_37_B/head.json
experiments/pipeline_v4/runs/v4_1_1/k200/generation/HEAD_38_B/head.json
experiments/pipeline_v4/runs/v4_1_1/k200/generation/HEAD_39_B/head.json
experiments/pipeline_v4/runs/v4_1_1/k200/generation/HEAD_40_B/head.json
experiments/pipeline_v4/runs/v4_1_1/k200/generation/HEAD_41_B/head.json
experiments/pipeline_v4/runs/v4_1_1/k200/generation/HEAD_42_B/head.json
experiments/pipeline_v4/runs/v4_1_1/k200/generation/HEAD_43_B/head.json
experiments/pipeline_v4/runs/v4_1_1/k200/generation/HEAD_44_B/head.json
experiments/pipeline_v4/runs/v4_1_1/k200/generation/HEAD_45_B/head.json
experiments/pipeline_v4/runs/v4_1_1/k200/generation/HEAD_46_B/head.json
experiments/pipeline_v4/runs/v4_1_1/k200/generation/HEAD_47_B/head.json
experiments/pipeline_v4/runs/v4_1_1/k200/generation/HEAD_48_B/head.json
experiments/pipeline_v4/runs/v4_1_1/k200/generation/HEAD_49_B/head.json
experiments/pipeline_v4/runs/v4_1_1/k200/generation/HEAD_50_B/head.json
experiments/pipeline_v4/runs/v4_1_1/k200/generation/HEAD_51_B/head.json
experiments/pipeline_v4/runs/v4_1_1/k200/generation/HEAD_52_B/head.json
experiments/pipeline_v4/runs/v4_1_1/k200/generation/HEAD_53_B/head.json
experiments/pipeline_v4/runs/v4_1_1/k200/generation/HEAD_54_B/head.json
experiments/pipeline_v4/runs/v4_1_1/k200/generation/HEAD_55_B/head.json
experiments/pipeline_v4/runs/v4_1_1/k200/generation/HEAD_56_B/head.json
experiments/pipeline_v4/runs/v4_1_1/k200/generation/HEAD_57_B/head.json
experiments/pipeline_v4/runs/v4_1_1/k200/generation/HEAD_58_B/head.json
experiments/pipeline_v4/runs/v4_1_1/k200/generation/HEAD_59_B/head.json
experiments/pipeline_v4/runs/v4_1_1/k200/generation/HEAD_60_B/head.json
experiments/pipeline_v4/runs/v4_1_1/k200/generation/HEAD_61_B/head.json
experiments/pipeline_v4/runs/v4_1_1/k200/generation/HEAD_62_B/head.json
experiments/pipeline_v4/runs/v4_1_1/k200/generation/HEAD_63_B/head.json
experiments/pipeline_v4/runs/v4_1_1/k200/generation/HEAD_64_B/head.json
experiments/pipeline_v4/runs/v4_1_1/k200/generation/HEAD_65_B/head.json
experiments/pipeline_v4/runs/v4_1_1/k200/generation/HEAD_66_B/head.json
experiments/pipeline_v4/runs/v4_1_1/k200/generation/HEAD_67_B/head.json
experiments/pipeline_v4/runs/v4_1_1/k200/generation/HEAD_68_B/head.json
experiments/pipeline_v4/runs/v4_1_1/k200/generation/HEAD_69_B/head.json
experiments/pipeline_v4/runs/v4_1_1/k200/generation/HEAD_70_B/head.json
experiments/pipeline_v4/runs/v4_1_1/k200/generation/HEAD_71_B/head.json
experiments/pipeline_v4/runs/v4_1_1/k200/generation/HEAD_72_B/head.json
experiments/pipeline_v4/runs/v4_1_1/k200/generation/HEAD_73_B/head.json
experiments/pipeline_v4/runs/v4_1_1/k200/generation/HEAD_74_B/head.json
experiments/pipeline_v4/runs/v4_1_1/k200/generation/HEAD_75_B/head.json
experiments/pipeline_v4/runs/v4_1_1/k200/generation/HEAD_76_B/head.json
experiments/pipeline_v4/runs/v4_1_1/k200/generation/HEAD_77_B/head.json
experiments/pipeline_v4/runs/v4_1_1/k200/generation/HEAD_78_B/head.json
experiments/pipeline_v4/runs/v4_1_1/k200/generation/HEAD_79_B/head.json
experiments/pipeline_v4/runs/v4_1_1/k200/generation/HEAD_80_B/head.json
experiments/pipeline_v4/runs/v4_1_1/k200/generation/HEAD_81_B/head.json
experiments/pipeline_v4/runs/v4_1_1/k200/generation/HEAD_82_B/head.json
experiments/pipeline_v4/runs/v4_1_1/k200/generation/HEAD_83_B/head.json
experiments/pipeline_v4/runs/v4_1_1/k200/generation/HEAD_84_B/head.json
experiments/pipeline_v4/runs/v4_1_1/k200/generation/HEAD_85_B/head.json
experiments/pipeline_v4/runs/v4_1_1/k200/generation/HEAD_86_B/head.json
experiments/pipeline_v4/runs/v4_1_1/k200/generation/HEAD_87_B/head.json
experiments/pipeline_v4/runs/v4_1_1/k200/generation/HEAD_88_B/head.json
experiments/pipeline_v4/runs/v4_1_1/k200/generation/HEAD_89_B/head.json
experiments/pipeline_v4/runs/v4_1_1/k200/generation/HEAD_90_B/head.json
experiments/pipeline_v4/runs/v4_1_1/k200/generation/HEAD_91_B/head.json
experiments/pipeline_v4/runs/v4_1_1/k200/generation/HEAD_92_B/head.json
experiments/pipeline_v4/runs/v4_1_1/k200/generation/HEAD_93_B/head.json
experiments/pipeline_v4/runs/v4_1_1/k200/generation/HEAD_94_B/head.json
experiments/pipeline_v4/runs/v4_1_1/k200/generation/HEAD_95_B/head.json
experiments/pipeline_v4/runs/v4_1_1/k200/generation/HEAD_96_B/head.json
experiments/pipeline_v4/runs/v4_1_1/k200/generation/HEAD_97_B/head.json
experiments/pipeline_v4/runs/v4_1_1/k200/generation/HEAD_98_B/head.json
experiments/pipeline_v4/runs/v4_1_1/k200/generation/HEAD_99_B/head.json
experiments/pipeline_v4/runs/v4_1_1/k200/MANIFEST.sha256
experiments/pipeline_v4/runs/v4_1_1/k200/MANIFEST.sha256.tmp
experiments/pipeline_v4/runs/v4_1_1/k200/POLICIES.SHA256
