
================================================================================
EXPLORE v4.1 PRODUCTION RUN - K=200 HEADS
Commit: 34ec244e0566bbd166ce63f7b5428e440383f2ce
MASTER_SEED: 1337
================================================================================

================================================================================
PHASE 1: Generating 200 verb-robust heads
================================================================================

Generating batch (current: 0/200)...
Generated 10/50 verb-robust heads...
Generated 20/50 verb-robust heads...
Generated 30/50 verb-robust heads...
Generated 40/50 verb-robust heads...
Generated 50/50 verb-robust heads...
  Grammar quality: 47/50
  Applying MCMC optimization...
    ✓ VROBUST_0001: verbs=4, f_words=10, cov=1.000
    ✓ VROBUST_0003: verbs=5, f_words=10, cov=1.000
    ✓ VROBUST_0004: verbs=8, f_words=10, cov=1.000
    ✓ VROBUST_0011: verbs=3, f_words=11, cov=0.941
    ✓ VROBUST_0012: verbs=3, f_words=13, cov=1.000
    ✓ VROBUST_0015: verbs=2, f_words=12, cov=1.000
    ✓ VROBUST_0017: verbs=5, f_words=11, cov=1.000
    ✓ VROBUST_0018: verbs=2, f_words=12, cov=1.000
    ✓ VROBUST_0019: verbs=4, f_words=13, cov=1.000
    ✓ VROBUST_0020: verbs=2, f_words=11, cov=0.875
    ✓ VROBUST_0024: verbs=5, f_words=10, cov=1.000
    ✓ VROBUST_0030: verbs=2, f_words=12, cov=1.000
    ✓ VROBUST_0033: verbs=3, f_words=11, cov=1.000
    ✓ VROBUST_0041: verbs=2, f_words=12, cov=0.882
    ✓ VROBUST_0043: verbs=4, f_words=10, cov=0.938
    ✓ VROBUST_0045: verbs=2, f_words=12, cov=1.000

Generating batch (current: 16/200)...
Generated 10/50 verb-robust heads...
Generated 20/50 verb-robust heads...
Generated 30/50 verb-robust heads...
Generated 40/50 verb-robust heads...
Generated 50/50 verb-robust heads...
  Grammar quality: 45/50
  Applying MCMC optimization...
    ✓ VROBUST_0004: verbs=2, f_words=12, cov=1.000
    ✓ VROBUST_0007: verbs=2, f_words=11, cov=1.000
    ✓ VROBUST_0014: verbs=3, f_words=13, cov=1.000
    ✓ VROBUST_0015: verbs=4, f_words=12, cov=1.000
    ✓ VROBUST_0017: verbs=5, f_words=10, cov=1.000
    ✓ VROBUST_0019: verbs=2, f_words=11, cov=1.000
    ✓ VROBUST_0020: verbs=2, f_words=12, cov=1.000
    ✓ VROBUST_0021: verbs=5, f_words=10, cov=1.000
    ✓ VROBUST_0026: verbs=4, f_words=11, cov=1.000
    ✓ VROBUST_0030: verbs=2, f_words=11, cov=1.000
    ✓ VROBUST_0036: verbs=4, f_words=12, cov=1.000
    ✓ VROBUST_0039: verbs=6, f_words=10, cov=1.000
    ✓ VROBUST_0043: verbs=3, f_words=12, cov=1.000
    ✓ VROBUST_0045: verbs=3, f_words=12, cov=1.000
    ✓ VROBUST_0047: verbs=3, f_words=13, cov=1.000

Generating batch (current: 31/200)...
Generated 10/50 verb-robust heads...
Generated 20/50 verb-robust heads...
Generated 30/50 verb-robust heads...
Generated 40/50 verb-robust heads...
Generated 50/50 verb-robust heads...
  Grammar quality: 46/50
  Applying MCMC optimization...
    ✓ VROBUST_0008: verbs=3, f_words=13, cov=1.000
    ✓ VROBUST_0015: verbs=2, f_words=11, cov=1.000
    ✓ VROBUST_0019: verbs=2, f_words=12, cov=1.000
    ✓ VROBUST_0026: verbs=3, f_words=10, cov=1.000
    ✓ VROBUST_0028: verbs=2, f_words=12, cov=0.941
    ✓ VROBUST_0033: verbs=6, f_words=10, cov=0.941
    ✓ VROBUST_0039: verbs=2, f_words=13, cov=1.000
    ✓ VROBUST_0041: verbs=2, f_words=13, cov=1.000
    ✓ VROBUST_0045: verbs=3, f_words=13, cov=1.000

Generating batch (current: 40/200)...
Generated 10/50 verb-robust heads...
Generated 20/50 verb-robust heads...
Generated 30/50 verb-robust heads...
Generated 40/50 verb-robust heads...
Generated 50/50 verb-robust heads...
  Grammar quality: 47/50
  Applying MCMC optimization...
    ✓ VROBUST_0001: verbs=2, f_words=11, cov=1.000
    ✓ VROBUST_0004: verbs=3, f_words=12, cov=1.000
    ✓ VROBUST_0007: verbs=2, f_words=11, cov=1.000
    ✓ VROBUST_0014: verbs=3, f_words=13, cov=1.000
    ✓ VROBUST_0015: verbs=4, f_words=12, cov=1.000
    ✓ VROBUST_0017: verbs=5, f_words=10, cov=1.000
    ✓ VROBUST_0019: verbs=2, f_words=11, cov=1.000
    ✓ VROBUST_0020: verbs=2, f_words=12, cov=1.000
    ✓ VROBUST_0021: verbs=5, f_words=10, cov=1.000
    ✓ VROBUST_0026: verbs=4, f_words=11, cov=1.000
    ✓ VROBUST_0030: verbs=2, f_words=11, cov=1.000
    ✓ VROBUST_0036: verbs=4, f_words=12, cov=1.000
    ✓ VROBUST_0039: verbs=6, f_words=10, cov=1.000
    ✓ VROBUST_0043: verbs=3, f_words=12, cov=1.000
    ✓ VROBUST_0045: verbs=3, f_words=12, cov=1.000
    ✓ VROBUST_0047: verbs=3, f_words=13, cov=1.000

Generating batch (current: 56/200)...
Generated 10/50 verb-robust heads...
Generated 20/50 verb-robust heads...
Generated 30/50 verb-robust heads...
Generated 40/50 verb-robust heads...
Generated 50/50 verb-robust heads...
  Grammar quality: 46/50
  Applying MCMC optimization...
    ✓ VROBUST_0008: verbs=3, f_words=13, cov=1.000
    ✓ VROBUST_0015: verbs=2, f_words=11, cov=1.000
    ✓ VROBUST_0019: verbs=2, f_words=12, cov=1.000
    ✓ VROBUST_0026: verbs=3, f_words=10, cov=1.000
    ✓ VROBUST_0028: verbs=2, f_words=12, cov=0.941
    ✓ VROBUST_0033: verbs=6, f_words=10, cov=0.941
    ✓ VROBUST_0039: verbs=2, f_words=13, cov=1.000
    ✓ VROBUST_0041: verbs=2, f_words=13, cov=1.000
    ✓ VROBUST_0045: verbs=3, f_words=13, cov=1.000

Generating batch (current: 65/200)...
Generated 10/50 verb-robust heads...
Generated 20/50 verb-robust heads...
Generated 30/50 verb-robust heads...
Generated 40/50 verb-robust heads...
Generated 50/50 verb-robust heads...
  Grammar quality: 47/50
  Applying MCMC optimization...
    ✓ VROBUST_0001: verbs=2, f_words=11, cov=1.000
    ✓ VROBUST_0004: verbs=3, f_words=12, cov=1.000
    ✓ VROBUST_0007: verbs=2, f_words=11, cov=1.000
    ✓ VROBUST_0014: verbs=3, f_words=13, cov=1.000
    ✓ VROBUST_0015: verbs=4, f_words=12, cov=1.000
    ✓ VROBUST_0017: verbs=5, f_words=10, cov=1.000
    ✓ VROBUST_0019: verbs=2, f_words=11, cov=1.000
    ✓ VROBUST_0020: verbs=2, f_words=12, cov=1.000
    ✓ VROBUST_0021: verbs=5, f_words=10, cov=1.000
    ✓ VROBUST_0026: verbs=4, f_words=11, cov=1.000
    ✓ VROBUST_0030: verbs=2, f_words=11, cov=1.000
    ✓ VROBUST_0036: verbs=4, f_words=12, cov=1.000
    ✓ VROBUST_0039: verbs=6, f_words=10, cov=1.000
    ✓ VROBUST_0043: verbs=3, f_words=12, cov=1.000
    ✓ VROBUST_0045: verbs=3, f_words=12, cov=1.000
    ✓ VROBUST_0047: verbs=3, f_words=13, cov=1.000

Generating batch (current: 81/200)...
Generated 10/50 verb-robust heads...
Generated 20/50 verb-robust heads...
Generated 30/50 verb-robust heads...
Generated 40/50 verb-robust heads...
Generated 50/50 verb-robust heads...
  Grammar quality: 46/50
  Applying MCMC optimization...
    ✓ VROBUST_0008: verbs=3, f_words=13, cov=1.000
    ✓ VROBUST_0015: verbs=2, f_words=11, cov=1.000
    ✓ VROBUST_0019: verbs=2, f_words=12, cov=1.000
    ✓ VROBUST_0026: verbs=3, f_words=10, cov=1.000
    ✓ VROBUST_0028: verbs=2, f_words=12, cov=0.941
    ✓ VROBUST_0033: verbs=6, f_words=10, cov=0.941
    ✓ VROBUST_0039: verbs=2, f_words=13, cov=1.000
    ✓ VROBUST_0041: verbs=2, f_words=13, cov=1.000
    ✓ VROBUST_0045: verbs=3, f_words=13, cov=1.000

Generating batch (current: 90/200)...
Generated 10/50 verb-robust heads...
Generated 20/50 verb-robust heads...
Generated 30/50 verb-robust heads...
Generated 40/50 verb-robust heads...
Generated 50/50 verb-robust heads...
  Grammar quality: 47/50
  Applying MCMC optimization...
    ✓ VROBUST_0001: verbs=2, f_words=11, cov=1.000
    ✓ VROBUST_0004: verbs=3, f_words=12, cov=1.000
    ✓ VROBUST_0007: verbs=2, f_words=11, cov=1.000
    ✓ VROBUST_0014: verbs=3, f_words=13, cov=1.000
    ✓ VROBUST_0015: verbs=4, f_words=12, cov=1.000
    ✓ VROBUST_0017: verbs=5, f_words=10, cov=1.000
    ✓ VROBUST_0019: verbs=2, f_words=11, cov=1.000
    ✓ VROBUST_0020: verbs=2, f_words=12, cov=1.000
    ✓ VROBUST_0021: verbs=5, f_words=10, cov=1.000
    ✓ VROBUST_0026: verbs=4, f_words=11, cov=1.000
    ✓ VROBUST_0030: verbs=2, f_words=11, cov=1.000
    ✓ VROBUST_0036: verbs=4, f_words=12, cov=1.000
    ✓ VROBUST_0039: verbs=6, f_words=10, cov=1.000
    ✓ VROBUST_0043: verbs=3, f_words=12, cov=1.000
    ✓ VROBUST_0045: verbs=3, f_words=12, cov=1.000
    ✓ VROBUST_0047: verbs=3, f_words=13, cov=1.000

Generating batch (current: 106/200)...
Generated 10/50 verb-robust heads...
Generated 20/50 verb-robust heads...
Generated 30/50 verb-robust heads...
Generated 40/50 verb-robust heads...
Generated 50/50 verb-robust heads...
  Grammar quality: 46/50
  Applying MCMC optimization...
    ✓ VROBUST_0008: verbs=3, f_words=13, cov=1.000
    ✓ VROBUST_0015: verbs=2, f_words=11, cov=1.000
    ✓ VROBUST_0019: verbs=2, f_words=12, cov=1.000
    ✓ VROBUST_0026: verbs=3, f_words=10, cov=1.000
    ✓ VROBUST_0028: verbs=2, f_words=12, cov=0.941
    ✓ VROBUST_0033: verbs=6, f_words=10, cov=0.941
    ✓ VROBUST_0039: verbs=2, f_words=13, cov=1.000
    ✓ VROBUST_0041: verbs=2, f_words=13, cov=1.000
    ✓ VROBUST_0045: verbs=3, f_words=13, cov=1.000

Generating batch (current: 115/200)...
Generated 10/50 verb-robust heads...
Generated 20/50 verb-robust heads...
Generated 30/50 verb-robust heads...
Generated 40/50 verb-robust heads...
Generated 50/50 verb-robust heads...
  Grammar quality: 47/50
  Applying MCMC optimization...
    ✓ VROBUST_0001: verbs=2, f_words=11, cov=1.000
    ✓ VROBUST_0004: verbs=3, f_words=12, cov=1.000
    ✓ VROBUST_0007: verbs=2, f_words=11, cov=1.000
    ✓ VROBUST_0014: verbs=3, f_words=13, cov=1.000
    ✓ VROBUST_0015: verbs=4, f_words=12, cov=1.000
    ✓ VROBUST_0017: verbs=5, f_words=10, cov=1.000
    ✓ VROBUST_0019: verbs=2, f_words=11, cov=1.000
    ✓ VROBUST_0020: verbs=2, f_words=12, cov=1.000
    ✓ VROBUST_0021: verbs=5, f_words=10, cov=1.000
    ✓ VROBUST_0026: verbs=4, f_words=11, cov=1.000
    ✓ VROBUST_0030: verbs=2, f_words=11, cov=1.000
    ✓ VROBUST_0036: verbs=4, f_words=12, cov=1.000
    ✓ VROBUST_0039: verbs=6, f_words=10, cov=1.000
    ✓ VROBUST_0043: verbs=3, f_words=12, cov=1.000
    ✓ VROBUST_0045: verbs=3, f_words=12, cov=1.000
    ✓ VROBUST_0047: verbs=3, f_words=13, cov=1.000

Generating batch (current: 131/200)...
Generated 10/50 verb-robust heads...
Generated 20/50 verb-robust heads...
Generated 30/50 verb-robust heads...
Generated 40/50 verb-robust heads...
Generated 50/50 verb-robust heads...
  Grammar quality: 46/50
  Applying MCMC optimization...
    ✓ VROBUST_0008: verbs=3, f_words=13, cov=1.000
    ✓ VROBUST_0015: verbs=2, f_words=11, cov=1.000
    ✓ VROBUST_0019: verbs=2, f_words=12, cov=1.000
    ✓ VROBUST_0026: verbs=3, f_words=10, cov=1.000
    ✓ VROBUST_0028: verbs=2, f_words=12, cov=0.941
    ✓ VROBUST_0033: verbs=6, f_words=10, cov=0.941
    ✓ VROBUST_0039: verbs=2, f_words=13, cov=1.000
    ✓ VROBUST_0041: verbs=2, f_words=13, cov=1.000
    ✓ VROBUST_0045: verbs=3, f_words=13, cov=1.000

Generating batch (current: 140/200)...
Generated 10/50 verb-robust heads...
Generated 20/50 verb-robust heads...
Generated 30/50 verb-robust heads...
Generated 40/50 verb-robust heads...
Generated 50/50 verb-robust heads...
  Grammar quality: 47/50
  Applying MCMC optimization...
    ✓ VROBUST_0001: verbs=2, f_words=11, cov=1.000
    ✓ VROBUST_0004: verbs=3, f_words=12, cov=1.000
    ✓ VROBUST_0007: verbs=2, f_words=11, cov=1.000
    ✓ VROBUST_0014: verbs=3, f_words=13, cov=1.000
    ✓ VROBUST_0015: verbs=4, f_words=12, cov=1.000
    ✓ VROBUST_0017: verbs=5, f_words=10, cov=1.000
    ✓ VROBUST_0019: verbs=2, f_words=11, cov=1.000
    ✓ VROBUST_0020: verbs=2, f_words=12, cov=1.000
    ✓ VROBUST_0021: verbs=5, f_words=10, cov=1.000
    ✓ VROBUST_0026: verbs=4, f_words=11, cov=1.000
    ✓ VROBUST_0030: verbs=2, f_words=11, cov=1.000
    ✓ VROBUST_0036: verbs=4, f_words=12, cov=1.000
    ✓ VROBUST_0039: verbs=6, f_words=10, cov=1.000
    ✓ VROBUST_0043: verbs=3, f_words=12, cov=1.000
    ✓ VROBUST_0045: verbs=3, f_words=12, cov=1.000
    ✓ VROBUST_0047: verbs=3, f_words=13, cov=1.000

Generating batch (current: 156/200)...
Generated 10/50 verb-robust heads...
Generated 20/50 verb-robust heads...
Generated 30/50 verb-robust heads...
Generated 40/50 verb-robust heads...
Generated 50/50 verb-robust heads...
  Grammar quality: 46/50
  Applying MCMC optimization...
    ✓ VROBUST_0008: verbs=3, f_words=13, cov=1.000
    ✓ VROBUST_0015: verbs=2, f_words=11, cov=1.000
    ✓ VROBUST_0019: verbs=2, f_words=12, cov=1.000
    ✓ VROBUST_0026: verbs=3, f_words=10, cov=1.000
    ✓ VROBUST_0028: verbs=2, f_words=12, cov=0.941
    ✓ VROBUST_0033: verbs=6, f_words=10, cov=0.941
    ✓ VROBUST_0039: verbs=2, f_words=13, cov=1.000
    ✓ VROBUST_0041: verbs=2, f_words=13, cov=1.000
    ✓ VROBUST_0045: verbs=3, f_words=13, cov=1.000

Generating batch (current: 165/200)...
Generated 10/50 verb-robust heads...
Generated 20/50 verb-robust heads...
Generated 30/50 verb-robust heads...
Generated 40/50 verb-robust heads...
Generated 50/50 verb-robust heads...
  Grammar quality: 47/50
  Applying MCMC optimization...
    ✓ VROBUST_0001: verbs=2, f_words=11, cov=1.000
    ✓ VROBUST_0004: verbs=3, f_words=12, cov=1.000
    ✓ VROBUST_0007: verbs=2, f_words=11, cov=1.000
    ✓ VROBUST_0014: verbs=3, f_words=13, cov=1.000
    ✓ VROBUST_0015: verbs=4, f_words=12, cov=1.000
    ✓ VROBUST_0017: verbs=5, f_words=10, cov=1.000
    ✓ VROBUST_0019: verbs=2, f_words=11, cov=1.000
    ✓ VROBUST_0020: verbs=2, f_words=12, cov=1.000
    ✓ VROBUST_0021: verbs=5, f_words=10, cov=1.000
    ✓ VROBUST_0026: verbs=4, f_words=11, cov=1.000
    ✓ VROBUST_0030: verbs=2, f_words=11, cov=1.000
    ✓ VROBUST_0036: verbs=4, f_words=12, cov=1.000
    ✓ VROBUST_0039: verbs=6, f_words=10, cov=1.000
    ✓ VROBUST_0043: verbs=3, f_words=12, cov=1.000
    ✓ VROBUST_0045: verbs=3, f_words=12, cov=1.000
    ✓ VROBUST_0047: verbs=3, f_words=13, cov=1.000

Generating batch (current: 181/200)...
Generated 10/50 verb-robust heads...
Generated 20/50 verb-robust heads...
Generated 30/50 verb-robust heads...
Generated 40/50 verb-robust heads...
Generated 50/50 verb-robust heads...
  Grammar quality: 46/50
  Applying MCMC optimization...
    ✓ VROBUST_0008: verbs=3, f_words=13, cov=1.000
    ✓ VROBUST_0015: verbs=2, f_words=11, cov=1.000
    ✓ VROBUST_0019: verbs=2, f_words=12, cov=1.000
    ✓ VROBUST_0026: verbs=3, f_words=10, cov=1.000
    ✓ VROBUST_0028: verbs=2, f_words=12, cov=0.941
    ✓ VROBUST_0033: verbs=6, f_words=10, cov=0.941
    ✓ VROBUST_0039: verbs=2, f_words=13, cov=1.000
    ✓ VROBUST_0041: verbs=2, f_words=13, cov=1.000
    ✓ VROBUST_0045: verbs=3, f_words=13, cov=1.000

Generating batch (current: 190/200)...
Generated 10/50 verb-robust heads...
Generated 20/50 verb-robust heads...
Generated 30/50 verb-robust heads...
Generated 40/50 verb-robust heads...
Generated 50/50 verb-robust heads...
  Grammar quality: 47/50
  Applying MCMC optimization...
    ✓ VROBUST_0001: verbs=2, f_words=11, cov=1.000
    ✓ VROBUST_0004: verbs=3, f_words=12, cov=1.000
    ✓ VROBUST_0007: verbs=2, f_words=11, cov=1.000
    ✓ VROBUST_0014: verbs=3, f_words=13, cov=1.000
    ✓ VROBUST_0015: verbs=4, f_words=12, cov=1.000
    ✓ VROBUST_0017: verbs=5, f_words=10, cov=1.000
    ✓ VROBUST_0019: verbs=2, f_words=11, cov=1.000
    ✓ VROBUST_0020: verbs=2, f_words=12, cov=1.000
    ✓ VROBUST_0021: verbs=5, f_words=10, cov=1.000
    ✓ VROBUST_0026: verbs=4, f_words=11, cov=1.000

Generated 200 qualified heads from 800 attempts
Qualification rate: 25.0%

================================================================================
PHASE 2: Anchor placement and repair (200 heads)
================================================================================

Processing heads 1-20...
Traceback (most recent call last):
  File "/Users/aviswerdlow/Downloads/Kryptos Team/k4_cli_plus/experiments/pipeline_v4/scripts/v4.1/run_explore_v4_1_production.py", line 734, in <module>
    main()
  File "/Users/aviswerdlow/Downloads/Kryptos Team/k4_cli_plus/experiments/pipeline_v4/scripts/v4.1/run_explore_v4_1_production.py", line 730, in main
    pipeline.run_production()
  File "/Users/aviswerdlow/Downloads/Kryptos Team/k4_cli_plus/experiments/pipeline_v4/scripts/v4.1/run_explore_v4_1_production.py", line 693, in run_production
    heads = self.phase2_anchor_placement(heads)
  File "/Users/aviswerdlow/Downloads/Kryptos Team/k4_cli_plus/experiments/pipeline_v4/scripts/v4.1/run_explore_v4_1_production.py", line 188, in phase2_anchor_placement
    all_vocab = set(self.repairer.all_verbs + self.anchor_placer.function_words + 
TypeError: can only concatenate list (not "set") to list
